Determining if the pthread_create exist failed with the following output:
Change Dir: /xavier_ssd/TrekBot/TrekBot2_WS/build/orb_slam_2_catkin/CMakeFiles/CMakeTmp

Run Build Command:"/usr/bin/make" "cmTC_9671f/fast"
/usr/bin/make -f CMakeFiles/cmTC_9671f.dir/build.make CMakeFiles/cmTC_9671f.dir/build
make[1]: Entering directory '/xavier_ssd/TrekBot/TrekBot2_WS/build/orb_slam_2_catkin/CMakeFiles/CMakeTmp'
Building C object CMakeFiles/cmTC_9671f.dir/CheckSymbolExists.c.o
/usr/bin/cc    -o CMakeFiles/cmTC_9671f.dir/CheckSymbolExists.c.o   -c /xavier_ssd/TrekBot/TrekBot2_WS/build/orb_slam_2_catkin/CMakeFiles/CMakeTmp/CheckSymbolExists.c
Linking C executable cmTC_9671f
/usr/bin/cmake -E cmake_link_script CMakeFiles/cmTC_9671f.dir/link.txt --verbose=1
/usr/bin/cc      -rdynamic CMakeFiles/cmTC_9671f.dir/CheckSymbolExists.c.o  -o cmTC_9671f 
CMakeFiles/cmTC_9671f.dir/CheckSymbolExists.c.o: In function `main':
CheckSymbolExists.c:(.text+0x14): undefined reference to `pthread_create'
CheckSymbolExists.c:(.text+0x18): undefined reference to `pthread_create'
collect2: error: ld returned 1 exit status
CMakeFiles/cmTC_9671f.dir/build.make:97: recipe for target 'cmTC_9671f' failed
make[1]: *** [cmTC_9671f] Error 1
make[1]: Leaving directory '/xavier_ssd/TrekBot/TrekBot2_WS/build/orb_slam_2_catkin/CMakeFiles/CMakeTmp'
Makefile:126: recipe for target 'cmTC_9671f/fast' failed
make: *** [cmTC_9671f/fast] Error 2

File /xavier_ssd/TrekBot/TrekBot2_WS/build/orb_slam_2_catkin/CMakeFiles/CMakeTmp/CheckSymbolExists.c:
/* */
#include <pthread.h>

int main(int argc, char** argv)
{
  (void)argv;
#ifndef pthread_create
  return ((int*)(&pthread_create))[argc];
#else
  (void)argc;
  return 0;
#endif
}

Determining if the function pthread_create exists in the pthreads failed with the following output:
Change Dir: /xavier_ssd/TrekBot/TrekBot2_WS/build/orb_slam_2_catkin/CMakeFiles/CMakeTmp

Run Build Command:"/usr/bin/make" "cmTC_3a705/fast"
/usr/bin/make -f CMakeFiles/cmTC_3a705.dir/build.make CMakeFiles/cmTC_3a705.dir/build
make[1]: Entering directory '/xavier_ssd/TrekBot/TrekBot2_WS/build/orb_slam_2_catkin/CMakeFiles/CMakeTmp'
Building C object CMakeFiles/cmTC_3a705.dir/CheckFunctionExists.c.o
/usr/bin/cc   -DCHECK_FUNCTION_EXISTS=pthread_create   -o CMakeFiles/cmTC_3a705.dir/CheckFunctionExists.c.o   -c /usr/share/cmake-3.10/Modules/CheckFunctionExists.c
Linking C executable cmTC_3a705
/usr/bin/cmake -E cmake_link_script CMakeFiles/cmTC_3a705.dir/link.txt --verbose=1
/usr/bin/cc  -DCHECK_FUNCTION_EXISTS=pthread_create    -rdynamic CMakeFiles/cmTC_3a705.dir/CheckFunctionExists.c.o  -o cmTC_3a705 -lpthreads 
/usr/bin/ld: cannot find -lpthreads
collect2: error: ld returned 1 exit status
CMakeFiles/cmTC_3a705.dir/build.make:97: recipe for target 'cmTC_3a705' failed
make[1]: *** [cmTC_3a705] Error 1
make[1]: Leaving directory '/xavier_ssd/TrekBot/TrekBot2_WS/build/orb_slam_2_catkin/CMakeFiles/CMakeTmp'
Makefile:126: recipe for target 'cmTC_3a705/fast' failed
make: *** [cmTC_3a705/fast] Error 2


